<?xml version="1.0" encoding="UTF-8"?>
<testng-results ignored="0" total="1" passed="1" failed="0" skipped="0">
  <reporter-output>
  </reporter-output>
  <suite started-at="2020-11-25T19:38:10 EST" name="Default suite" finished-at="2020-11-25T19:38:15 EST" duration-ms="4328">
    <groups>
    </groups>
    <test started-at="2020-11-25T19:38:10 EST" name="Default test" finished-at="2020-11-25T19:38:15 EST" duration-ms="4328">
      <class name="expediaAutomationTestNg.ExpediaAutomation">
        <test-method is-config="true" signature="beforeTest()[pri:0, instance:expediaAutomationTestNg.ExpediaAutomation@5c1a8622]" started-at="2020-11-25T19:38:10 EST" name="beforeTest" finished-at="2020-11-25T19:38:15 EST" duration-ms="4305" status="PASS">
          <reporter-output>
          </reporter-output>
        </test-method> <!-- beforeTest -->
        <test-method signature="testDataFromXml(java.lang.String, java.lang.String, java.lang.String, java.lang.String, java.lang.String, java.lang.String, java.lang.String, java.lang.String, java.lang.String, java.lang.String, java.lang.String)[pri:0, instance:expediaAutomationTestNg.ExpediaAutomation@5c1a8622]" started-at="2020-11-25T19:38:15 EST" name="testDataFromXml" finished-at="2020-11-25T19:38:15 EST" duration-ms="5" status="PASS">
          <params>
            <param index="0">
              <value>
                <![CDATA[Value 1]]>
              </value>
            </param>
            <param index="1">
              <value>
                <![CDATA[Value 2]]>
              </value>
            </param>
            <param index="2">
              <value>
                <![CDATA[Value 1]]>
              </value>
            </param>
            <param index="3">
              <value>
                <![CDATA[Value 2]]>
              </value>
            </param>
            <param index="4">
              <value>
                <![CDATA[Value 1]]>
              </value>
            </param>
            <param index="5">
              <value>
                <![CDATA[Value 2]]>
              </value>
            </param>
            <param index="6">
              <value>
                <![CDATA[Value 1]]>
              </value>
            </param>
            <param index="7">
              <value>
                <![CDATA[Value 2]]>
              </value>
            </param>
            <param index="8">
              <value>
                <![CDATA[Value 1]]>
              </value>
            </param>
            <param index="9">
              <value>
                <![CDATA[Value 2]]>
              </value>
            </param>
            <param index="10">
              <value>
                <![CDATA[Value 1]]>
              </value>
            </param>
          </params>
          <reporter-output>
          </reporter-output>
        </test-method> <!-- testDataFromXml -->
      </class> <!-- expediaAutomationTestNg.ExpediaAutomation -->
    </test> <!-- Default test -->
  </suite> <!-- Default suite -->
</testng-results>
